CRITICAL - 2023-10-08 00:29:21 --> Undefined array key "PostCategoria"
in APPPATH\Views\posts\ejercicio08.php on line 30.
 1 APPPATH\Views\posts\ejercicio08.php(30): CodeIgniter\Debug\Exceptions->errorHandler(2, 'Undefined array key "PostCategoria"', 'C:\\Users\\eliza\\OneDrive\\Documentos\\blog1\\app\\Views\\posts\\ejercicio08.php', 30)
 2 SYSTEMPATH\View\View.php(226): include('C:\\Users\\eliza\\OneDrive\\Documentos\\blog1\\app\\Views\\posts\\ejercicio08.php')
 3 SYSTEMPATH\View\View.php(229): CodeIgniter\View\View->CodeIgniter\View\{closure}()
 4 SYSTEMPATH\Common.php(1188): CodeIgniter\View\View->render('posts/ejercicio08', [], true)
 5 APPPATH\Controllers\PostController.php(91): view('posts/ejercicio08', [...])
 6 SYSTEMPATH\CodeIgniter.php(919): App\Controllers\PostController->ejercicio08()
 7 SYSTEMPATH\CodeIgniter.php(494): CodeIgniter\CodeIgniter->runController(Object(App\Controllers\PostController))
 8 SYSTEMPATH\CodeIgniter.php(353): CodeIgniter\CodeIgniter->handleRequest(null, Object(Config\Cache), false)
 9 FCPATH\index.php(79): CodeIgniter\CodeIgniter->run()
10 SYSTEMPATH\Commands\Server\rewrite.php(47): require_once('C:\\Users\\eliza\\OneDrive\\Documentos\\blog1\\public\\index.php')
CRITICAL - 2023-10-08 00:29:49 --> Undefined array key "PostCategoria"
in APPPATH\Views\posts\ejercicio08.php on line 30.
 1 APPPATH\Views\posts\ejercicio08.php(30): CodeIgniter\Debug\Exceptions->errorHandler(2, 'Undefined array key "PostCategoria"', 'C:\\Users\\eliza\\OneDrive\\Documentos\\blog1\\app\\Views\\posts\\ejercicio08.php', 30)
 2 SYSTEMPATH\View\View.php(226): include('C:\\Users\\eliza\\OneDrive\\Documentos\\blog1\\app\\Views\\posts\\ejercicio08.php')
 3 SYSTEMPATH\View\View.php(229): CodeIgniter\View\View->CodeIgniter\View\{closure}()
 4 SYSTEMPATH\Common.php(1188): CodeIgniter\View\View->render('posts/ejercicio08', [], true)
 5 APPPATH\Controllers\PostController.php(91): view('posts/ejercicio08', [...])
 6 SYSTEMPATH\CodeIgniter.php(919): App\Controllers\PostController->ejercicio08()
 7 SYSTEMPATH\CodeIgniter.php(494): CodeIgniter\CodeIgniter->runController(Object(App\Controllers\PostController))
 8 SYSTEMPATH\CodeIgniter.php(353): CodeIgniter\CodeIgniter->handleRequest(null, Object(Config\Cache), false)
 9 FCPATH\index.php(79): CodeIgniter\CodeIgniter->run()
10 SYSTEMPATH\Commands\Server\rewrite.php(47): require_once('C:\\Users\\eliza\\OneDrive\\Documentos\\blog1\\public\\index.php')
CRITICAL - 2023-10-08 00:29:50 --> Undefined array key "PostCategoria"
in APPPATH\Views\posts\ejercicio08.php on line 30.
 1 APPPATH\Views\posts\ejercicio08.php(30): CodeIgniter\Debug\Exceptions->errorHandler(2, 'Undefined array key "PostCategoria"', 'C:\\Users\\eliza\\OneDrive\\Documentos\\blog1\\app\\Views\\posts\\ejercicio08.php', 30)
 2 SYSTEMPATH\View\View.php(226): include('C:\\Users\\eliza\\OneDrive\\Documentos\\blog1\\app\\Views\\posts\\ejercicio08.php')
 3 SYSTEMPATH\View\View.php(229): CodeIgniter\View\View->CodeIgniter\View\{closure}()
 4 SYSTEMPATH\Common.php(1188): CodeIgniter\View\View->render('posts/ejercicio08', [], true)
 5 APPPATH\Controllers\PostController.php(91): view('posts/ejercicio08', [...])
 6 SYSTEMPATH\CodeIgniter.php(919): App\Controllers\PostController->ejercicio08()
 7 SYSTEMPATH\CodeIgniter.php(494): CodeIgniter\CodeIgniter->runController(Object(App\Controllers\PostController))
 8 SYSTEMPATH\CodeIgniter.php(353): CodeIgniter\CodeIgniter->handleRequest(null, Object(Config\Cache), false)
 9 FCPATH\index.php(79): CodeIgniter\CodeIgniter->run()
10 SYSTEMPATH\Commands\Server\rewrite.php(47): require_once('C:\\Users\\eliza\\OneDrive\\Documentos\\blog1\\public\\index.php')
CRITICAL - 2023-10-08 00:47:28 --> Undefined variable $posts
in APPPATH\Views\posts\ejercicio09.php on line 12.
 1 APPPATH\Views\posts\ejercicio09.php(12): CodeIgniter\Debug\Exceptions->errorHandler(2, 'Undefined variable $posts', 'C:\\Users\\eliza\\OneDrive\\Documentos\\blog1\\app\\Views\\posts\\ejercicio09.php', 12)
 2 SYSTEMPATH\View\View.php(226): include('C:\\Users\\eliza\\OneDrive\\Documentos\\blog1\\app\\Views\\posts\\ejercicio09.php')
 3 SYSTEMPATH\View\View.php(229): CodeIgniter\View\View->CodeIgniter\View\{closure}()
 4 SYSTEMPATH\Common.php(1188): CodeIgniter\View\View->render('posts/ejercicio09', [], true)
 5 APPPATH\Controllers\PostController.php(103): view('posts/ejercicio09', [...])
 6 SYSTEMPATH\CodeIgniter.php(919): App\Controllers\PostController->ejercicio09()
 7 SYSTEMPATH\CodeIgniter.php(494): CodeIgniter\CodeIgniter->runController(Object(App\Controllers\PostController))
 8 SYSTEMPATH\CodeIgniter.php(353): CodeIgniter\CodeIgniter->handleRequest(null, Object(Config\Cache), false)
 9 FCPATH\index.php(79): CodeIgniter\CodeIgniter->run()
10 SYSTEMPATH\Commands\Server\rewrite.php(47): require_once('C:\\Users\\eliza\\OneDrive\\Documentos\\blog1\\public\\index.php')
CRITICAL - 2023-10-08 00:48:00 --> Cannot use object of type mysqli as array
in APPPATH\Views\posts\ejercicio09.php on line 14.
 1 SYSTEMPATH\View\View.php(226): include()
 2 SYSTEMPATH\View\View.php(229): CodeIgniter\View\View->CodeIgniter\View\{closure}()
 3 SYSTEMPATH\Common.php(1188): CodeIgniter\View\View->render('posts/ejercicio09', [], true)
 4 APPPATH\Controllers\PostController.php(103): view('posts/ejercicio09', [...])
 5 SYSTEMPATH\CodeIgniter.php(919): App\Controllers\PostController->ejercicio09()
 6 SYSTEMPATH\CodeIgniter.php(494): CodeIgniter\CodeIgniter->runController(Object(App\Controllers\PostController))
 7 SYSTEMPATH\CodeIgniter.php(353): CodeIgniter\CodeIgniter->handleRequest(null, Object(Config\Cache), false)
 8 FCPATH\index.php(79): CodeIgniter\CodeIgniter->run()
 9 SYSTEMPATH\Commands\Server\rewrite.php(47): require_once('C:\\Users\\eliza\\OneDrive\\Documentos\\blog1\\public\\index.php')
CRITICAL - 2023-10-08 00:52:23 --> Cannot use object of type mysqli as array
in APPPATH\Views\posts\ejercicio09.php on line 12.
 1 SYSTEMPATH\View\View.php(226): include()
 2 SYSTEMPATH\View\View.php(229): CodeIgniter\View\View->CodeIgniter\View\{closure}()
 3 SYSTEMPATH\Common.php(1188): CodeIgniter\View\View->render('posts/ejercicio09', [], true)
 4 APPPATH\Controllers\PostController.php(103): view('posts/ejercicio09', [...])
 5 SYSTEMPATH\CodeIgniter.php(919): App\Controllers\PostController->ejercicio09()
 6 SYSTEMPATH\CodeIgniter.php(494): CodeIgniter\CodeIgniter->runController(Object(App\Controllers\PostController))
 7 SYSTEMPATH\CodeIgniter.php(353): CodeIgniter\CodeIgniter->handleRequest(null, Object(Config\Cache), false)
 8 FCPATH\index.php(79): CodeIgniter\CodeIgniter->run()
 9 SYSTEMPATH\Commands\Server\rewrite.php(47): require_once('C:\\Users\\eliza\\OneDrive\\Documentos\\blog1\\public\\index.php')
CRITICAL - 2023-10-08 00:52:48 --> Cannot use object of type mysqli as array
in APPPATH\Views\posts\ejercicio09.php on line 12.
 1 SYSTEMPATH\View\View.php(226): include()
 2 SYSTEMPATH\View\View.php(229): CodeIgniter\View\View->CodeIgniter\View\{closure}()
 3 SYSTEMPATH\Common.php(1188): CodeIgniter\View\View->render('posts/ejercicio09', [], true)
 4 APPPATH\Controllers\PostController.php(103): view('posts/ejercicio09', [...])
 5 SYSTEMPATH\CodeIgniter.php(919): App\Controllers\PostController->ejercicio09()
 6 SYSTEMPATH\CodeIgniter.php(494): CodeIgniter\CodeIgniter->runController(Object(App\Controllers\PostController))
 7 SYSTEMPATH\CodeIgniter.php(353): CodeIgniter\CodeIgniter->handleRequest(null, Object(Config\Cache), false)
 8 FCPATH\index.php(79): CodeIgniter\CodeIgniter->run()
 9 SYSTEMPATH\Commands\Server\rewrite.php(47): require_once('C:\\Users\\eliza\\OneDrive\\Documentos\\blog1\\public\\index.php')
CRITICAL - 2023-10-08 00:52:50 --> Cannot use object of type mysqli as array
in APPPATH\Views\posts\ejercicio09.php on line 12.
 1 SYSTEMPATH\View\View.php(226): include()
 2 SYSTEMPATH\View\View.php(229): CodeIgniter\View\View->CodeIgniter\View\{closure}()
 3 SYSTEMPATH\Common.php(1188): CodeIgniter\View\View->render('posts/ejercicio09', [], true)
 4 APPPATH\Controllers\PostController.php(103): view('posts/ejercicio09', [...])
 5 SYSTEMPATH\CodeIgniter.php(919): App\Controllers\PostController->ejercicio09()
 6 SYSTEMPATH\CodeIgniter.php(494): CodeIgniter\CodeIgniter->runController(Object(App\Controllers\PostController))
 7 SYSTEMPATH\CodeIgniter.php(353): CodeIgniter\CodeIgniter->handleRequest(null, Object(Config\Cache), false)
 8 FCPATH\index.php(79): CodeIgniter\CodeIgniter->run()
 9 SYSTEMPATH\Commands\Server\rewrite.php(47): require_once('C:\\Users\\eliza\\OneDrive\\Documentos\\blog1\\public\\index.php')
CRITICAL - 2023-10-08 00:54:26 --> Cannot use object of type CodeIgniter\Database\MySQLi\Result as array
in APPPATH\Views\posts\ejercicio09.php on line 12.
 1 SYSTEMPATH\View\View.php(226): include()
 2 SYSTEMPATH\View\View.php(229): CodeIgniter\View\View->CodeIgniter\View\{closure}()
 3 SYSTEMPATH\Common.php(1188): CodeIgniter\View\View->render('posts/ejercicio09', [], true)
 4 APPPATH\Controllers\PostController.php(103): view('posts/ejercicio09', [...])
 5 SYSTEMPATH\CodeIgniter.php(919): App\Controllers\PostController->ejercicio09()
 6 SYSTEMPATH\CodeIgniter.php(494): CodeIgniter\CodeIgniter->runController(Object(App\Controllers\PostController))
 7 SYSTEMPATH\CodeIgniter.php(353): CodeIgniter\CodeIgniter->handleRequest(null, Object(Config\Cache), false)
 8 FCPATH\index.php(79): CodeIgniter\CodeIgniter->run()
 9 SYSTEMPATH\Commands\Server\rewrite.php(47): require_once('C:\\Users\\eliza\\OneDrive\\Documentos\\blog1\\public\\index.php')
CRITICAL - 2023-10-08 00:54:27 --> Cannot use object of type CodeIgniter\Database\MySQLi\Result as array
in APPPATH\Views\posts\ejercicio09.php on line 12.
 1 SYSTEMPATH\View\View.php(226): include()
 2 SYSTEMPATH\View\View.php(229): CodeIgniter\View\View->CodeIgniter\View\{closure}()
 3 SYSTEMPATH\Common.php(1188): CodeIgniter\View\View->render('posts/ejercicio09', [], true)
 4 APPPATH\Controllers\PostController.php(103): view('posts/ejercicio09', [...])
 5 SYSTEMPATH\CodeIgniter.php(919): App\Controllers\PostController->ejercicio09()
 6 SYSTEMPATH\CodeIgniter.php(494): CodeIgniter\CodeIgniter->runController(Object(App\Controllers\PostController))
 7 SYSTEMPATH\CodeIgniter.php(353): CodeIgniter\CodeIgniter->handleRequest(null, Object(Config\Cache), false)
 8 FCPATH\index.php(79): CodeIgniter\CodeIgniter->run()
 9 SYSTEMPATH\Commands\Server\rewrite.php(47): require_once('C:\\Users\\eliza\\OneDrive\\Documentos\\blog1\\public\\index.php')
CRITICAL - 2023-10-08 00:54:29 --> Cannot use object of type CodeIgniter\Database\MySQLi\Result as array
in APPPATH\Views\posts\ejercicio09.php on line 12.
 1 SYSTEMPATH\View\View.php(226): include()
 2 SYSTEMPATH\View\View.php(229): CodeIgniter\View\View->CodeIgniter\View\{closure}()
 3 SYSTEMPATH\Common.php(1188): CodeIgniter\View\View->render('posts/ejercicio09', [], true)
 4 APPPATH\Controllers\PostController.php(103): view('posts/ejercicio09', [...])
 5 SYSTEMPATH\CodeIgniter.php(919): App\Controllers\PostController->ejercicio09()
 6 SYSTEMPATH\CodeIgniter.php(494): CodeIgniter\CodeIgniter->runController(Object(App\Controllers\PostController))
 7 SYSTEMPATH\CodeIgniter.php(353): CodeIgniter\CodeIgniter->handleRequest(null, Object(Config\Cache), false)
 8 FCPATH\index.php(79): CodeIgniter\CodeIgniter->run()
 9 SYSTEMPATH\Commands\Server\rewrite.php(47): require_once('C:\\Users\\eliza\\OneDrive\\Documentos\\blog1\\public\\index.php')
CRITICAL - 2023-10-08 00:54:52 --> Cannot use object of type mysqli as array
in APPPATH\Views\posts\ejercicio09.php on line 12.
 1 SYSTEMPATH\View\View.php(226): include()
 2 SYSTEMPATH\View\View.php(229): CodeIgniter\View\View->CodeIgniter\View\{closure}()
 3 SYSTEMPATH\Common.php(1188): CodeIgniter\View\View->render('posts/ejercicio09', [], true)
 4 APPPATH\Controllers\PostController.php(103): view('posts/ejercicio09', [...])
 5 SYSTEMPATH\CodeIgniter.php(919): App\Controllers\PostController->ejercicio09()
 6 SYSTEMPATH\CodeIgniter.php(494): CodeIgniter\CodeIgniter->runController(Object(App\Controllers\PostController))
 7 SYSTEMPATH\CodeIgniter.php(353): CodeIgniter\CodeIgniter->handleRequest(null, Object(Config\Cache), false)
 8 FCPATH\index.php(79): CodeIgniter\CodeIgniter->run()
 9 SYSTEMPATH\Commands\Server\rewrite.php(47): require_once('C:\\Users\\eliza\\OneDrive\\Documentos\\blog1\\public\\index.php')
ERROR - 2023-10-08 01:18:49 --> mysqli_sql_exception: You have an error in your SQL syntax; check the manual that corresponds to your MariaDB server version for the right syntax to use near 'category' at line 1 in C:\Users\eliza\OneDrive\Documentos\blog1\system\Database\MySQLi\Connection.php:306
Stack trace:
#0 C:\Users\eliza\OneDrive\Documentos\blog1\system\Database\MySQLi\Connection.php(306): mysqli->query('select p.*, cat...', 0)
#1 C:\Users\eliza\OneDrive\Documentos\blog1\system\Database\BaseConnection.php(692): CodeIgniter\Database\MySQLi\Connection->execute('select p.*, cat...')
#2 C:\Users\eliza\OneDrive\Documentos\blog1\system\Database\BaseConnection.php(606): CodeIgniter\Database\BaseConnection->simpleQuery('select p.*, cat...')
#3 C:\Users\eliza\OneDrive\Documentos\blog1\app\Controllers\PostController.php(86): CodeIgniter\Database\BaseConnection->query('select p.*, cat...')
#4 C:\Users\eliza\OneDrive\Documentos\blog1\system\CodeIgniter.php(919): App\Controllers\PostController->ejercicio06()
#5 C:\Users\eliza\OneDrive\Documentos\blog1\system\CodeIgniter.php(494): CodeIgniter\CodeIgniter->runController(Object(App\Controllers\PostController))
#6 C:\Users\eliza\OneDrive\Documentos\blog1\system\CodeIgniter.php(353): CodeIgniter\CodeIgniter->handleRequest(NULL, Object(Config\Cache), false)
#7 C:\Users\eliza\OneDrive\Documentos\blog1\public\index.php(79): CodeIgniter\CodeIgniter->run()
#8 C:\Users\eliza\OneDrive\Documentos\blog1\system\Commands\Server\rewrite.php(47): require_once('C:\\Users\\eliza\\...')
#9 {main}
CRITICAL - 2023-10-08 01:18:49 --> You have an error in your SQL syntax; check the manual that corresponds to your MariaDB server version for the right syntax to use near 'category' at line 1
in SYSTEMPATH\Database\BaseConnection.php on line 646.
 1 APPPATH\Controllers\PostController.php(86): CodeIgniter\Database\BaseConnection->query('select p.*, category as ccategory, count(*) as ppc from categories as c join posts as p on p.category = c.id group by category order category')
 2 SYSTEMPATH\CodeIgniter.php(919): App\Controllers\PostController->ejercicio06()
 3 SYSTEMPATH\CodeIgniter.php(494): CodeIgniter\CodeIgniter->runController(Object(App\Controllers\PostController))
 4 SYSTEMPATH\CodeIgniter.php(353): CodeIgniter\CodeIgniter->handleRequest(null, Object(Config\Cache), false)
 5 FCPATH\index.php(79): CodeIgniter\CodeIgniter->run()
 6 SYSTEMPATH\Commands\Server\rewrite.php(47): require_once('C:\\Users\\eliza\\OneDrive\\Documentos\\blog1\\public\\index.php')
ERROR - 2023-10-08 01:20:11 --> mysqli_sql_exception: You have an error in your SQL syntax; check the manual that corresponds to your MariaDB server version for the right syntax to use near 'aquí va tu consulta' at line 1 in C:\Users\eliza\OneDrive\Documentos\blog1\system\Database\MySQLi\Connection.php:306
Stack trace:
#0 C:\Users\eliza\OneDrive\Documentos\blog1\system\Database\MySQLi\Connection.php(306): mysqli->query('aqu\xC3\xAD va tu con...', 0)
#1 C:\Users\eliza\OneDrive\Documentos\blog1\system\Database\BaseConnection.php(692): CodeIgniter\Database\MySQLi\Connection->execute('aqu\xC3\xAD va tu con...')
#2 C:\Users\eliza\OneDrive\Documentos\blog1\system\Database\BaseConnection.php(606): CodeIgniter\Database\BaseConnection->simpleQuery('aqu\xC3\xAD va tu con...')
#3 C:\Users\eliza\OneDrive\Documentos\blog1\app\Controllers\PostController.php(88): CodeIgniter\Database\BaseConnection->query('aqu\xC3\xAD va tu con...')
#4 C:\Users\eliza\OneDrive\Documentos\blog1\system\CodeIgniter.php(919): App\Controllers\PostController->ejercicio06()
#5 C:\Users\eliza\OneDrive\Documentos\blog1\system\CodeIgniter.php(494): CodeIgniter\CodeIgniter->runController(Object(App\Controllers\PostController))
#6 C:\Users\eliza\OneDrive\Documentos\blog1\system\CodeIgniter.php(353): CodeIgniter\CodeIgniter->handleRequest(NULL, Object(Config\Cache), false)
#7 C:\Users\eliza\OneDrive\Documentos\blog1\public\index.php(79): CodeIgniter\CodeIgniter->run()
#8 C:\Users\eliza\OneDrive\Documentos\blog1\system\Commands\Server\rewrite.php(47): require_once('C:\\Users\\eliza\\...')
#9 {main}
CRITICAL - 2023-10-08 01:20:11 --> You have an error in your SQL syntax; check the manual that corresponds to your MariaDB server version for the right syntax to use near 'aquí va tu consulta' at line 1
in SYSTEMPATH\Database\BaseConnection.php on line 646.
 1 APPPATH\Controllers\PostController.php(88): CodeIgniter\Database\BaseConnection->query('aquí va tu consulta')
 2 SYSTEMPATH\CodeIgniter.php(919): App\Controllers\PostController->ejercicio06()
 3 SYSTEMPATH\CodeIgniter.php(494): CodeIgniter\CodeIgniter->runController(Object(App\Controllers\PostController))
 4 SYSTEMPATH\CodeIgniter.php(353): CodeIgniter\CodeIgniter->handleRequest(null, Object(Config\Cache), false)
 5 FCPATH\index.php(79): CodeIgniter\CodeIgniter->run()
 6 SYSTEMPATH\Commands\Server\rewrite.php(47): require_once('C:\\Users\\eliza\\OneDrive\\Documentos\\blog1\\public\\index.php')
CRITICAL - 2023-10-08 01:21:48 --> Undefined array key "ppa"
in APPPATH\Views\posts\ejercicio06.php on line 17.
 1 APPPATH\Views\posts\ejercicio06.php(17): CodeIgniter\Debug\Exceptions->errorHandler(2, 'Undefined array key "ppa"', 'C:\\Users\\eliza\\OneDrive\\Documentos\\blog1\\app\\Views\\posts\\ejercicio06.php', 17)
 2 SYSTEMPATH\View\View.php(226): include('C:\\Users\\eliza\\OneDrive\\Documentos\\blog1\\app\\Views\\posts\\ejercicio06.php')
 3 SYSTEMPATH\View\View.php(229): CodeIgniter\View\View->CodeIgniter\View\{closure}()
 4 SYSTEMPATH\Common.php(1188): CodeIgniter\View\View->render('posts/ejercicio06', [], true)
 5 APPPATH\Controllers\PostController.php(95): view('posts/ejercicio06', [...])
 6 SYSTEMPATH\CodeIgniter.php(919): App\Controllers\PostController->ejercicio06()
 7 SYSTEMPATH\CodeIgniter.php(494): CodeIgniter\CodeIgniter->runController(Object(App\Controllers\PostController))
 8 SYSTEMPATH\CodeIgniter.php(353): CodeIgniter\CodeIgniter->handleRequest(null, Object(Config\Cache), false)
 9 FCPATH\index.php(79): CodeIgniter\CodeIgniter->run()
10 SYSTEMPATH\Commands\Server\rewrite.php(47): require_once('C:\\Users\\eliza\\OneDrive\\Documentos\\blog1\\public\\index.php')
CRITICAL - 2023-10-08 01:23:21 --> Undefined array key "ppa"
in APPPATH\Views\posts\ejercicio06.php on line 17.
 1 APPPATH\Views\posts\ejercicio06.php(17): CodeIgniter\Debug\Exceptions->errorHandler(2, 'Undefined array key "ppa"', 'C:\\Users\\eliza\\OneDrive\\Documentos\\blog1\\app\\Views\\posts\\ejercicio06.php', 17)
 2 SYSTEMPATH\View\View.php(226): include('C:\\Users\\eliza\\OneDrive\\Documentos\\blog1\\app\\Views\\posts\\ejercicio06.php')
 3 SYSTEMPATH\View\View.php(229): CodeIgniter\View\View->CodeIgniter\View\{closure}()
 4 SYSTEMPATH\Common.php(1188): CodeIgniter\View\View->render('posts/ejercicio06', [], true)
 5 APPPATH\Controllers\PostController.php(95): view('posts/ejercicio06', [...])
 6 SYSTEMPATH\CodeIgniter.php(919): App\Controllers\PostController->ejercicio06()
 7 SYSTEMPATH\CodeIgniter.php(494): CodeIgniter\CodeIgniter->runController(Object(App\Controllers\PostController))
 8 SYSTEMPATH\CodeIgniter.php(353): CodeIgniter\CodeIgniter->handleRequest(null, Object(Config\Cache), false)
 9 FCPATH\index.php(79): CodeIgniter\CodeIgniter->run()
10 SYSTEMPATH\Commands\Server\rewrite.php(47): require_once('C:\\Users\\eliza\\OneDrive\\Documentos\\blog1\\public\\index.php')
CRITICAL - 2023-10-08 01:23:22 --> Undefined array key "ppa"
in APPPATH\Views\posts\ejercicio06.php on line 17.
 1 APPPATH\Views\posts\ejercicio06.php(17): CodeIgniter\Debug\Exceptions->errorHandler(2, 'Undefined array key "ppa"', 'C:\\Users\\eliza\\OneDrive\\Documentos\\blog1\\app\\Views\\posts\\ejercicio06.php', 17)
 2 SYSTEMPATH\View\View.php(226): include('C:\\Users\\eliza\\OneDrive\\Documentos\\blog1\\app\\Views\\posts\\ejercicio06.php')
 3 SYSTEMPATH\View\View.php(229): CodeIgniter\View\View->CodeIgniter\View\{closure}()
 4 SYSTEMPATH\Common.php(1188): CodeIgniter\View\View->render('posts/ejercicio06', [], true)
 5 APPPATH\Controllers\PostController.php(95): view('posts/ejercicio06', [...])
 6 SYSTEMPATH\CodeIgniter.php(919): App\Controllers\PostController->ejercicio06()
 7 SYSTEMPATH\CodeIgniter.php(494): CodeIgniter\CodeIgniter->runController(Object(App\Controllers\PostController))
 8 SYSTEMPATH\CodeIgniter.php(353): CodeIgniter\CodeIgniter->handleRequest(null, Object(Config\Cache), false)
 9 FCPATH\index.php(79): CodeIgniter\CodeIgniter->run()
10 SYSTEMPATH\Commands\Server\rewrite.php(47): require_once('C:\\Users\\eliza\\OneDrive\\Documentos\\blog1\\public\\index.php')
CRITICAL - 2023-10-08 01:23:23 --> Undefined array key "ppa"
in APPPATH\Views\posts\ejercicio06.php on line 17.
 1 APPPATH\Views\posts\ejercicio06.php(17): CodeIgniter\Debug\Exceptions->errorHandler(2, 'Undefined array key "ppa"', 'C:\\Users\\eliza\\OneDrive\\Documentos\\blog1\\app\\Views\\posts\\ejercicio06.php', 17)
 2 SYSTEMPATH\View\View.php(226): include('C:\\Users\\eliza\\OneDrive\\Documentos\\blog1\\app\\Views\\posts\\ejercicio06.php')
 3 SYSTEMPATH\View\View.php(229): CodeIgniter\View\View->CodeIgniter\View\{closure}()
 4 SYSTEMPATH\Common.php(1188): CodeIgniter\View\View->render('posts/ejercicio06', [], true)
 5 APPPATH\Controllers\PostController.php(95): view('posts/ejercicio06', [...])
 6 SYSTEMPATH\CodeIgniter.php(919): App\Controllers\PostController->ejercicio06()
 7 SYSTEMPATH\CodeIgniter.php(494): CodeIgniter\CodeIgniter->runController(Object(App\Controllers\PostController))
 8 SYSTEMPATH\CodeIgniter.php(353): CodeIgniter\CodeIgniter->handleRequest(null, Object(Config\Cache), false)
 9 FCPATH\index.php(79): CodeIgniter\CodeIgniter->run()
10 SYSTEMPATH\Commands\Server\rewrite.php(47): require_once('C:\\Users\\eliza\\OneDrive\\Documentos\\blog1\\public\\index.php')
