CRITICAL - 2023-09-27 17:00:11 --> Class "Locale" not found
in SYSTEMPATH\CodeIgniter.php on line 214.
 1 FCPATH\index.php(67): CodeIgniter\CodeIgniter->initialize()
CRITICAL - 2023-09-27 17:00:11 --> Uncaught Error: Class "Locale" not found in C:\xampp\htdocs\blog1\system\Helpers\number_helper.php:136
Stack trace:
#0 C:\xampp\htdocs\blog1\system\Helpers\number_helper.php(55): format_number(8, 2, NULL, Array)
#1 C:\xampp\htdocs\blog1\system\Debug\BaseExceptionHandler.php(145): number_to_size(8, 2)
#2 C:\xampp\htdocs\blog1\app\Views\errors\html\error_exception.php(360): CodeIgniter\Debug\BaseExceptionHandler::describeMemory(8388608)
#3 C:\xampp\htdocs\blog1\system\Debug\BaseExceptionHandler.php(241): include('C:\\xampp\\htdocs...')
#4 C:\xampp\htdocs\blog1\system\Debug\BaseExceptionHandler.php(244): CodeIgniter\Debug\BaseExceptionHandler->CodeIgniter\Debug\{closure}()
#5 C:\xampp\htdocs\blog1\system\Debug\ExceptionHandler.php(109): CodeIgniter\Debug\BaseExceptionHandler->render(Object(Error), 500, 'C:\\xampp\\htdocs...')
#6 C:\xampp\htdocs\blog1\system\Debug\Exceptions.php(147): CodeIgniter\Debug\ExceptionHandler->handle(Object(Error), Object(CodeIgniter\HTTP\IncomingRequest), Object(CodeIgniter\HTTP\Response), 500, 1)
#7 [internal function]: CodeIgniter\Debug\Exceptions->exceptionHandler(Object(Error))
#8 {main}
  thrown
【Previous Exception】
Error
Class "Locale" not found
#0 C:\xampp\htdocs\blog1\public\index.php(67): CodeIgniter\CodeIgniter->initialize()
#1 {main}
in SYSTEMPATH\Helpers\number_helper.php on line 136.
 1 [internal function]: CodeIgniter\Debug\Exceptions->shutdownHandler()
ERROR - 2023-09-27 15:15:44 --> Error connecting to the database: mysqli_sql_exception: Access denied for user 'root'@'localhost' (using password: YES) in C:\xampp\htdocs\blog1\system\Database\MySQLi\Connection.php:185
Stack trace:
#0 C:\xampp\htdocs\blog1\system\Database\MySQLi\Connection.php(185): mysqli->real_connect('localhost', 'root', 'elizamartlo12', 'blog', 3307, '', 0)
#1 C:\xampp\htdocs\blog1\system\Database\BaseConnection.php(391): CodeIgniter\Database\MySQLi\Connection->connect(false)
#2 C:\xampp\htdocs\blog1\system\Database\BaseConnection.php(574): CodeIgniter\Database\BaseConnection->initialize()
#3 C:\xampp\htdocs\blog1\app\Controllers\UserController.php(36): CodeIgniter\Database\BaseConnection->query('select username...')
#4 C:\xampp\htdocs\blog1\system\CodeIgniter.php(919): App\Controllers\UserController->usuarios2()
#5 C:\xampp\htdocs\blog1\system\CodeIgniter.php(494): CodeIgniter\CodeIgniter->runController(Object(App\Controllers\UserController))
#6 C:\xampp\htdocs\blog1\system\CodeIgniter.php(353): CodeIgniter\CodeIgniter->handleRequest(NULL, Object(Config\Cache), false)
#7 C:\xampp\htdocs\blog1\public\index.php(79): CodeIgniter\CodeIgniter->run()
#8 C:\xampp\htdocs\blog1\system\Commands\Server\rewrite.php(47): require_once('C:\\xampp\\htdocs...')
#9 {main}

Next CodeIgniter\Database\Exceptions\DatabaseException: Access denied for user '****'@'localhost' (using password: YES) in C:\xampp\htdocs\blog1\system\Database\MySQLi\Connection.php:229
Stack trace:
#0 C:\xampp\htdocs\blog1\system\Database\BaseConnection.php(391): CodeIgniter\Database\MySQLi\Connection->connect(false)
#1 C:\xampp\htdocs\blog1\system\Database\BaseConnection.php(574): CodeIgniter\Database\BaseConnection->initialize()
#2 C:\xampp\htdocs\blog1\app\Controllers\UserController.php(36): CodeIgniter\Database\BaseConnection->query('select username...')
#3 C:\xampp\htdocs\blog1\system\CodeIgniter.php(919): App\Controllers\UserController->usuarios2()
#4 C:\xampp\htdocs\blog1\system\CodeIgniter.php(494): CodeIgniter\CodeIgniter->runController(Object(App\Controllers\UserController))
#5 C:\xampp\htdocs\blog1\system\CodeIgniter.php(353): CodeIgniter\CodeIgniter->handleRequest(NULL, Object(Config\Cache), false)
#6 C:\xampp\htdocs\blog1\public\index.php(79): CodeIgniter\CodeIgniter->run()
#7 C:\xampp\htdocs\blog1\system\Commands\Server\rewrite.php(47): require_once('C:\\xampp\\htdocs...')
#8 {main}
CRITICAL - 2023-09-27 15:15:44 --> Unable to connect to the database.
Main connection [MySQLi]: Access denied for user '****'@'localhost' (using password: YES)
in SYSTEMPATH\Database\BaseConnection.php on line 427.
 1 SYSTEMPATH\Database\BaseConnection.php(574): CodeIgniter\Database\BaseConnection->initialize()
 2 APPPATH\Controllers\UserController.php(36): CodeIgniter\Database\BaseConnection->query('select username, password, status from users')
 3 SYSTEMPATH\CodeIgniter.php(919): App\Controllers\UserController->usuarios2()
 4 SYSTEMPATH\CodeIgniter.php(494): CodeIgniter\CodeIgniter->runController(Object(App\Controllers\UserController))
 5 SYSTEMPATH\CodeIgniter.php(353): CodeIgniter\CodeIgniter->handleRequest(null, Object(Config\Cache), false)
 6 FCPATH\index.php(79): CodeIgniter\CodeIgniter->run()
 7 SYSTEMPATH\Commands\Server\rewrite.php(47): require_once('C:\\xampp\\htdocs\\blog1\\public\\index.php')
ERROR - 2023-09-27 15:26:19 --> Error connecting to the database: mysqli_sql_exception: Access denied for user 'root'@'localhost' (using password: YES) in C:\xampp\htdocs\blog1\system\Database\MySQLi\Connection.php:185
Stack trace:
#0 C:\xampp\htdocs\blog1\system\Database\MySQLi\Connection.php(185): mysqli->real_connect('localhost', 'root', 'elizamartlo12', 'blog', 3307, '', 0)
#1 C:\xampp\htdocs\blog1\system\Database\BaseConnection.php(391): CodeIgniter\Database\MySQLi\Connection->connect(false)
#2 C:\xampp\htdocs\blog1\system\Database\BaseConnection.php(574): CodeIgniter\Database\BaseConnection->initialize()
#3 C:\xampp\htdocs\blog1\app\Controllers\UserController.php(36): CodeIgniter\Database\BaseConnection->query('select username...')
#4 C:\xampp\htdocs\blog1\system\CodeIgniter.php(919): App\Controllers\UserController->usuarios2()
#5 C:\xampp\htdocs\blog1\system\CodeIgniter.php(494): CodeIgniter\CodeIgniter->runController(Object(App\Controllers\UserController))
#6 C:\xampp\htdocs\blog1\system\CodeIgniter.php(353): CodeIgniter\CodeIgniter->handleRequest(NULL, Object(Config\Cache), false)
#7 C:\xampp\htdocs\blog1\public\index.php(79): CodeIgniter\CodeIgniter->run()
#8 C:\xampp\htdocs\blog1\system\Commands\Server\rewrite.php(47): require_once('C:\\xampp\\htdocs...')
#9 {main}

Next CodeIgniter\Database\Exceptions\DatabaseException: Access denied for user '****'@'localhost' (using password: YES) in C:\xampp\htdocs\blog1\system\Database\MySQLi\Connection.php:229
Stack trace:
#0 C:\xampp\htdocs\blog1\system\Database\BaseConnection.php(391): CodeIgniter\Database\MySQLi\Connection->connect(false)
#1 C:\xampp\htdocs\blog1\system\Database\BaseConnection.php(574): CodeIgniter\Database\BaseConnection->initialize()
#2 C:\xampp\htdocs\blog1\app\Controllers\UserController.php(36): CodeIgniter\Database\BaseConnection->query('select username...')
#3 C:\xampp\htdocs\blog1\system\CodeIgniter.php(919): App\Controllers\UserController->usuarios2()
#4 C:\xampp\htdocs\blog1\system\CodeIgniter.php(494): CodeIgniter\CodeIgniter->runController(Object(App\Controllers\UserController))
#5 C:\xampp\htdocs\blog1\system\CodeIgniter.php(353): CodeIgniter\CodeIgniter->handleRequest(NULL, Object(Config\Cache), false)
#6 C:\xampp\htdocs\blog1\public\index.php(79): CodeIgniter\CodeIgniter->run()
#7 C:\xampp\htdocs\blog1\system\Commands\Server\rewrite.php(47): require_once('C:\\xampp\\htdocs...')
#8 {main}
CRITICAL - 2023-09-27 15:26:19 --> Unable to connect to the database.
Main connection [MySQLi]: Access denied for user '****'@'localhost' (using password: YES)
in SYSTEMPATH\Database\BaseConnection.php on line 427.
 1 SYSTEMPATH\Database\BaseConnection.php(574): CodeIgniter\Database\BaseConnection->initialize()
 2 APPPATH\Controllers\UserController.php(36): CodeIgniter\Database\BaseConnection->query('select username, password, status from users')
 3 SYSTEMPATH\CodeIgniter.php(919): App\Controllers\UserController->usuarios2()
 4 SYSTEMPATH\CodeIgniter.php(494): CodeIgniter\CodeIgniter->runController(Object(App\Controllers\UserController))
 5 SYSTEMPATH\CodeIgniter.php(353): CodeIgniter\CodeIgniter->handleRequest(null, Object(Config\Cache), false)
 6 FCPATH\index.php(79): CodeIgniter\CodeIgniter->run()
 7 SYSTEMPATH\Commands\Server\rewrite.php(47): require_once('C:\\xampp\\htdocs\\blog1\\public\\index.php')
ERROR - 2023-09-27 15:37:52 --> Error connecting to the database: mysqli_sql_exception: Access denied for user 'root'@'localhost' (using password: YES) in C:\xampp\htdocs\blog1\system\Database\MySQLi\Connection.php:185
Stack trace:
#0 C:\xampp\htdocs\blog1\system\Database\MySQLi\Connection.php(185): mysqli->real_connect('localhost', 'root', 'elizamartlo12', 'blog', 3307, '', 0)
#1 C:\xampp\htdocs\blog1\system\Database\BaseConnection.php(391): CodeIgniter\Database\MySQLi\Connection->connect(false)
#2 C:\xampp\htdocs\blog1\system\Database\BaseConnection.php(574): CodeIgniter\Database\BaseConnection->initialize()
#3 C:\xampp\htdocs\blog1\app\Controllers\UserController.php(36): CodeIgniter\Database\BaseConnection->query('select username...')
#4 C:\xampp\htdocs\blog1\system\CodeIgniter.php(919): App\Controllers\UserController->usuarios2()
#5 C:\xampp\htdocs\blog1\system\CodeIgniter.php(494): CodeIgniter\CodeIgniter->runController(Object(App\Controllers\UserController))
#6 C:\xampp\htdocs\blog1\system\CodeIgniter.php(353): CodeIgniter\CodeIgniter->handleRequest(NULL, Object(Config\Cache), false)
#7 C:\xampp\htdocs\blog1\public\index.php(79): CodeIgniter\CodeIgniter->run()
#8 C:\xampp\htdocs\blog1\system\Commands\Server\rewrite.php(47): require_once('C:\\xampp\\htdocs...')
#9 {main}

Next CodeIgniter\Database\Exceptions\DatabaseException: Access denied for user '****'@'localhost' (using password: YES) in C:\xampp\htdocs\blog1\system\Database\MySQLi\Connection.php:229
Stack trace:
#0 C:\xampp\htdocs\blog1\system\Database\BaseConnection.php(391): CodeIgniter\Database\MySQLi\Connection->connect(false)
#1 C:\xampp\htdocs\blog1\system\Database\BaseConnection.php(574): CodeIgniter\Database\BaseConnection->initialize()
#2 C:\xampp\htdocs\blog1\app\Controllers\UserController.php(36): CodeIgniter\Database\BaseConnection->query('select username...')
#3 C:\xampp\htdocs\blog1\system\CodeIgniter.php(919): App\Controllers\UserController->usuarios2()
#4 C:\xampp\htdocs\blog1\system\CodeIgniter.php(494): CodeIgniter\CodeIgniter->runController(Object(App\Controllers\UserController))
#5 C:\xampp\htdocs\blog1\system\CodeIgniter.php(353): CodeIgniter\CodeIgniter->handleRequest(NULL, Object(Config\Cache), false)
#6 C:\xampp\htdocs\blog1\public\index.php(79): CodeIgniter\CodeIgniter->run()
#7 C:\xampp\htdocs\blog1\system\Commands\Server\rewrite.php(47): require_once('C:\\xampp\\htdocs...')
#8 {main}
CRITICAL - 2023-09-27 15:37:52 --> Unable to connect to the database.
Main connection [MySQLi]: Access denied for user '****'@'localhost' (using password: YES)
in SYSTEMPATH\Database\BaseConnection.php on line 427.
 1 SYSTEMPATH\Database\BaseConnection.php(574): CodeIgniter\Database\BaseConnection->initialize()
 2 APPPATH\Controllers\UserController.php(36): CodeIgniter\Database\BaseConnection->query('select username, password, status from users')
 3 SYSTEMPATH\CodeIgniter.php(919): App\Controllers\UserController->usuarios2()
 4 SYSTEMPATH\CodeIgniter.php(494): CodeIgniter\CodeIgniter->runController(Object(App\Controllers\UserController))
 5 SYSTEMPATH\CodeIgniter.php(353): CodeIgniter\CodeIgniter->handleRequest(null, Object(Config\Cache), false)
 6 FCPATH\index.php(79): CodeIgniter\CodeIgniter->run()
 7 SYSTEMPATH\Commands\Server\rewrite.php(47): require_once('C:\\xampp\\htdocs\\blog1\\public\\index.php')
ERROR - 2023-09-27 15:37:53 --> Error connecting to the database: mysqli_sql_exception: Access denied for user 'root'@'localhost' (using password: YES) in C:\xampp\htdocs\blog1\system\Database\MySQLi\Connection.php:185
Stack trace:
#0 C:\xampp\htdocs\blog1\system\Database\MySQLi\Connection.php(185): mysqli->real_connect('localhost', 'root', 'elizamartlo12', 'blog', 3307, '', 0)
#1 C:\xampp\htdocs\blog1\system\Database\BaseConnection.php(391): CodeIgniter\Database\MySQLi\Connection->connect(false)
#2 C:\xampp\htdocs\blog1\system\Database\BaseConnection.php(574): CodeIgniter\Database\BaseConnection->initialize()
#3 C:\xampp\htdocs\blog1\app\Controllers\UserController.php(36): CodeIgniter\Database\BaseConnection->query('select username...')
#4 C:\xampp\htdocs\blog1\system\CodeIgniter.php(919): App\Controllers\UserController->usuarios2()
#5 C:\xampp\htdocs\blog1\system\CodeIgniter.php(494): CodeIgniter\CodeIgniter->runController(Object(App\Controllers\UserController))
#6 C:\xampp\htdocs\blog1\system\CodeIgniter.php(353): CodeIgniter\CodeIgniter->handleRequest(NULL, Object(Config\Cache), false)
#7 C:\xampp\htdocs\blog1\public\index.php(79): CodeIgniter\CodeIgniter->run()
#8 C:\xampp\htdocs\blog1\system\Commands\Server\rewrite.php(47): require_once('C:\\xampp\\htdocs...')
#9 {main}

Next CodeIgniter\Database\Exceptions\DatabaseException: Access denied for user '****'@'localhost' (using password: YES) in C:\xampp\htdocs\blog1\system\Database\MySQLi\Connection.php:229
Stack trace:
#0 C:\xampp\htdocs\blog1\system\Database\BaseConnection.php(391): CodeIgniter\Database\MySQLi\Connection->connect(false)
#1 C:\xampp\htdocs\blog1\system\Database\BaseConnection.php(574): CodeIgniter\Database\BaseConnection->initialize()
#2 C:\xampp\htdocs\blog1\app\Controllers\UserController.php(36): CodeIgniter\Database\BaseConnection->query('select username...')
#3 C:\xampp\htdocs\blog1\system\CodeIgniter.php(919): App\Controllers\UserController->usuarios2()
#4 C:\xampp\htdocs\blog1\system\CodeIgniter.php(494): CodeIgniter\CodeIgniter->runController(Object(App\Controllers\UserController))
#5 C:\xampp\htdocs\blog1\system\CodeIgniter.php(353): CodeIgniter\CodeIgniter->handleRequest(NULL, Object(Config\Cache), false)
#6 C:\xampp\htdocs\blog1\public\index.php(79): CodeIgniter\CodeIgniter->run()
#7 C:\xampp\htdocs\blog1\system\Commands\Server\rewrite.php(47): require_once('C:\\xampp\\htdocs...')
#8 {main}
CRITICAL - 2023-09-27 15:37:53 --> Unable to connect to the database.
Main connection [MySQLi]: Access denied for user '****'@'localhost' (using password: YES)
in SYSTEMPATH\Database\BaseConnection.php on line 427.
 1 SYSTEMPATH\Database\BaseConnection.php(574): CodeIgniter\Database\BaseConnection->initialize()
 2 APPPATH\Controllers\UserController.php(36): CodeIgniter\Database\BaseConnection->query('select username, password, status from users')
 3 SYSTEMPATH\CodeIgniter.php(919): App\Controllers\UserController->usuarios2()
 4 SYSTEMPATH\CodeIgniter.php(494): CodeIgniter\CodeIgniter->runController(Object(App\Controllers\UserController))
 5 SYSTEMPATH\CodeIgniter.php(353): CodeIgniter\CodeIgniter->handleRequest(null, Object(Config\Cache), false)
 6 FCPATH\index.php(79): CodeIgniter\CodeIgniter->run()
 7 SYSTEMPATH\Commands\Server\rewrite.php(47): require_once('C:\\xampp\\htdocs\\blog1\\public\\index.php')
ERROR - 2023-09-27 15:37:53 --> Error connecting to the database: mysqli_sql_exception: Access denied for user 'root'@'localhost' (using password: YES) in C:\xampp\htdocs\blog1\system\Database\MySQLi\Connection.php:185
Stack trace:
#0 C:\xampp\htdocs\blog1\system\Database\MySQLi\Connection.php(185): mysqli->real_connect('localhost', 'root', 'elizamartlo12', 'blog', 3307, '', 0)
#1 C:\xampp\htdocs\blog1\system\Database\BaseConnection.php(391): CodeIgniter\Database\MySQLi\Connection->connect(false)
#2 C:\xampp\htdocs\blog1\system\Database\BaseConnection.php(574): CodeIgniter\Database\BaseConnection->initialize()
#3 C:\xampp\htdocs\blog1\app\Controllers\UserController.php(36): CodeIgniter\Database\BaseConnection->query('select username...')
#4 C:\xampp\htdocs\blog1\system\CodeIgniter.php(919): App\Controllers\UserController->usuarios2()
#5 C:\xampp\htdocs\blog1\system\CodeIgniter.php(494): CodeIgniter\CodeIgniter->runController(Object(App\Controllers\UserController))
#6 C:\xampp\htdocs\blog1\system\CodeIgniter.php(353): CodeIgniter\CodeIgniter->handleRequest(NULL, Object(Config\Cache), false)
#7 C:\xampp\htdocs\blog1\public\index.php(79): CodeIgniter\CodeIgniter->run()
#8 C:\xampp\htdocs\blog1\system\Commands\Server\rewrite.php(47): require_once('C:\\xampp\\htdocs...')
#9 {main}

Next CodeIgniter\Database\Exceptions\DatabaseException: Access denied for user '****'@'localhost' (using password: YES) in C:\xampp\htdocs\blog1\system\Database\MySQLi\Connection.php:229
Stack trace:
#0 C:\xampp\htdocs\blog1\system\Database\BaseConnection.php(391): CodeIgniter\Database\MySQLi\Connection->connect(false)
#1 C:\xampp\htdocs\blog1\system\Database\BaseConnection.php(574): CodeIgniter\Database\BaseConnection->initialize()
#2 C:\xampp\htdocs\blog1\app\Controllers\UserController.php(36): CodeIgniter\Database\BaseConnection->query('select username...')
#3 C:\xampp\htdocs\blog1\system\CodeIgniter.php(919): App\Controllers\UserController->usuarios2()
#4 C:\xampp\htdocs\blog1\system\CodeIgniter.php(494): CodeIgniter\CodeIgniter->runController(Object(App\Controllers\UserController))
#5 C:\xampp\htdocs\blog1\system\CodeIgniter.php(353): CodeIgniter\CodeIgniter->handleRequest(NULL, Object(Config\Cache), false)
#6 C:\xampp\htdocs\blog1\public\index.php(79): CodeIgniter\CodeIgniter->run()
#7 C:\xampp\htdocs\blog1\system\Commands\Server\rewrite.php(47): require_once('C:\\xampp\\htdocs...')
#8 {main}
CRITICAL - 2023-09-27 15:37:53 --> Unable to connect to the database.
Main connection [MySQLi]: Access denied for user '****'@'localhost' (using password: YES)
in SYSTEMPATH\Database\BaseConnection.php on line 427.
 1 SYSTEMPATH\Database\BaseConnection.php(574): CodeIgniter\Database\BaseConnection->initialize()
 2 APPPATH\Controllers\UserController.php(36): CodeIgniter\Database\BaseConnection->query('select username, password, status from users')
 3 SYSTEMPATH\CodeIgniter.php(919): App\Controllers\UserController->usuarios2()
 4 SYSTEMPATH\CodeIgniter.php(494): CodeIgniter\CodeIgniter->runController(Object(App\Controllers\UserController))
 5 SYSTEMPATH\CodeIgniter.php(353): CodeIgniter\CodeIgniter->handleRequest(null, Object(Config\Cache), false)
 6 FCPATH\index.php(79): CodeIgniter\CodeIgniter->run()
 7 SYSTEMPATH\Commands\Server\rewrite.php(47): require_once('C:\\xampp\\htdocs\\blog1\\public\\index.php')
ERROR - 2023-09-27 15:47:11 --> Error connecting to the database: mysqli_sql_exception: Unknown database 'blog' in C:\xampp\htdocs\blog1\system\Database\MySQLi\Connection.php:185
Stack trace:
#0 C:\xampp\htdocs\blog1\system\Database\MySQLi\Connection.php(185): mysqli->real_connect('localhost', 'root', '', 'blog', 3307, '', 0)
#1 C:\xampp\htdocs\blog1\system\Database\BaseConnection.php(391): CodeIgniter\Database\MySQLi\Connection->connect(false)
#2 C:\xampp\htdocs\blog1\system\Database\BaseConnection.php(574): CodeIgniter\Database\BaseConnection->initialize()
#3 C:\xampp\htdocs\blog1\app\Controllers\UserController.php(36): CodeIgniter\Database\BaseConnection->query('select username...')
#4 C:\xampp\htdocs\blog1\system\CodeIgniter.php(919): App\Controllers\UserController->usuarios2()
#5 C:\xampp\htdocs\blog1\system\CodeIgniter.php(494): CodeIgniter\CodeIgniter->runController(Object(App\Controllers\UserController))
#6 C:\xampp\htdocs\blog1\system\CodeIgniter.php(353): CodeIgniter\CodeIgniter->handleRequest(NULL, Object(Config\Cache), false)
#7 C:\xampp\htdocs\blog1\public\index.php(79): CodeIgniter\CodeIgniter->run()
#8 C:\xampp\htdocs\blog1\system\Commands\Server\rewrite.php(47): require_once('C:\\xampp\\htdocs...')
#9 {main}

Next CodeIgniter\Database\Exceptions\DatabaseException: Unknown database 'blog' in C:\xampp\htdocs\blog1\system\Database\MySQLi\Connection.php:229
Stack trace:
#0 C:\xampp\htdocs\blog1\system\Database\BaseConnection.php(391): CodeIgniter\Database\MySQLi\Connection->connect(false)
#1 C:\xampp\htdocs\blog1\system\Database\BaseConnection.php(574): CodeIgniter\Database\BaseConnection->initialize()
#2 C:\xampp\htdocs\blog1\app\Controllers\UserController.php(36): CodeIgniter\Database\BaseConnection->query('select username...')
#3 C:\xampp\htdocs\blog1\system\CodeIgniter.php(919): App\Controllers\UserController->usuarios2()
#4 C:\xampp\htdocs\blog1\system\CodeIgniter.php(494): CodeIgniter\CodeIgniter->runController(Object(App\Controllers\UserController))
#5 C:\xampp\htdocs\blog1\system\CodeIgniter.php(353): CodeIgniter\CodeIgniter->handleRequest(NULL, Object(Config\Cache), false)
#6 C:\xampp\htdocs\blog1\public\index.php(79): CodeIgniter\CodeIgniter->run()
#7 C:\xampp\htdocs\blog1\system\Commands\Server\rewrite.php(47): require_once('C:\\xampp\\htdocs...')
#8 {main}
CRITICAL - 2023-09-27 15:47:11 --> Unable to connect to the database.
Main connection [MySQLi]: Unknown database 'blog'
in SYSTEMPATH\Database\BaseConnection.php on line 427.
 1 SYSTEMPATH\Database\BaseConnection.php(574): CodeIgniter\Database\BaseConnection->initialize()
 2 APPPATH\Controllers\UserController.php(36): CodeIgniter\Database\BaseConnection->query('select username, password, status from users')
 3 SYSTEMPATH\CodeIgniter.php(919): App\Controllers\UserController->usuarios2()
 4 SYSTEMPATH\CodeIgniter.php(494): CodeIgniter\CodeIgniter->runController(Object(App\Controllers\UserController))
 5 SYSTEMPATH\CodeIgniter.php(353): CodeIgniter\CodeIgniter->handleRequest(null, Object(Config\Cache), false)
 6 FCPATH\index.php(79): CodeIgniter\CodeIgniter->run()
 7 SYSTEMPATH\Commands\Server\rewrite.php(47): require_once('C:\\xampp\\htdocs\\blog1\\public\\index.php')
ERROR - 2023-09-27 15:48:40 --> Error connecting to the database: mysqli_sql_exception: Access denied for user 'root'@'localhost' (using password: NO) in C:\xampp\htdocs\blog1\system\Database\MySQLi\Connection.php:185
Stack trace:
#0 C:\xampp\htdocs\blog1\system\Database\MySQLi\Connection.php(185): mysqli->real_connect('localhost', 'root', '', 'blog', 3306, '', 0)
#1 C:\xampp\htdocs\blog1\system\Database\BaseConnection.php(391): CodeIgniter\Database\MySQLi\Connection->connect(false)
#2 C:\xampp\htdocs\blog1\system\Database\BaseConnection.php(574): CodeIgniter\Database\BaseConnection->initialize()
#3 C:\xampp\htdocs\blog1\app\Controllers\UserController.php(36): CodeIgniter\Database\BaseConnection->query('select username...')
#4 C:\xampp\htdocs\blog1\system\CodeIgniter.php(919): App\Controllers\UserController->usuarios2()
#5 C:\xampp\htdocs\blog1\system\CodeIgniter.php(494): CodeIgniter\CodeIgniter->runController(Object(App\Controllers\UserController))
#6 C:\xampp\htdocs\blog1\system\CodeIgniter.php(353): CodeIgniter\CodeIgniter->handleRequest(NULL, Object(Config\Cache), false)
#7 C:\xampp\htdocs\blog1\public\index.php(79): CodeIgniter\CodeIgniter->run()
#8 C:\xampp\htdocs\blog1\system\Commands\Server\rewrite.php(47): require_once('C:\\xampp\\htdocs...')
#9 {main}

Next CodeIgniter\Database\Exceptions\DatabaseException: Access denied for user '****'@'localhost' (using password: NO) in C:\xampp\htdocs\blog1\system\Database\MySQLi\Connection.php:229
Stack trace:
#0 C:\xampp\htdocs\blog1\system\Database\BaseConnection.php(391): CodeIgniter\Database\MySQLi\Connection->connect(false)
#1 C:\xampp\htdocs\blog1\system\Database\BaseConnection.php(574): CodeIgniter\Database\BaseConnection->initialize()
#2 C:\xampp\htdocs\blog1\app\Controllers\UserController.php(36): CodeIgniter\Database\BaseConnection->query('select username...')
#3 C:\xampp\htdocs\blog1\system\CodeIgniter.php(919): App\Controllers\UserController->usuarios2()
#4 C:\xampp\htdocs\blog1\system\CodeIgniter.php(494): CodeIgniter\CodeIgniter->runController(Object(App\Controllers\UserController))
#5 C:\xampp\htdocs\blog1\system\CodeIgniter.php(353): CodeIgniter\CodeIgniter->handleRequest(NULL, Object(Config\Cache), false)
#6 C:\xampp\htdocs\blog1\public\index.php(79): CodeIgniter\CodeIgniter->run()
#7 C:\xampp\htdocs\blog1\system\Commands\Server\rewrite.php(47): require_once('C:\\xampp\\htdocs...')
#8 {main}
CRITICAL - 2023-09-27 15:48:40 --> Unable to connect to the database.
Main connection [MySQLi]: Access denied for user '****'@'localhost' (using password: NO)
in SYSTEMPATH\Database\BaseConnection.php on line 427.
 1 SYSTEMPATH\Database\BaseConnection.php(574): CodeIgniter\Database\BaseConnection->initialize()
 2 APPPATH\Controllers\UserController.php(36): CodeIgniter\Database\BaseConnection->query('select username, password, status from users')
 3 SYSTEMPATH\CodeIgniter.php(919): App\Controllers\UserController->usuarios2()
 4 SYSTEMPATH\CodeIgniter.php(494): CodeIgniter\CodeIgniter->runController(Object(App\Controllers\UserController))
 5 SYSTEMPATH\CodeIgniter.php(353): CodeIgniter\CodeIgniter->handleRequest(null, Object(Config\Cache), false)
 6 FCPATH\index.php(79): CodeIgniter\CodeIgniter->run()
 7 SYSTEMPATH\Commands\Server\rewrite.php(47): require_once('C:\\xampp\\htdocs\\blog1\\public\\index.php')
ERROR - 2023-09-27 15:49:22 --> Error connecting to the database: mysqli_sql_exception: Access denied for user 'root'@'localhost' (using password: YES) in C:\xampp\htdocs\blog1\system\Database\MySQLi\Connection.php:185
Stack trace:
#0 C:\xampp\htdocs\blog1\system\Database\MySQLi\Connection.php(185): mysqli->real_connect('localhost', 'root', 'elizamartlo12', 'blog', 3307, '', 0)
#1 C:\xampp\htdocs\blog1\system\Database\BaseConnection.php(391): CodeIgniter\Database\MySQLi\Connection->connect(false)
#2 C:\xampp\htdocs\blog1\system\Database\BaseConnection.php(574): CodeIgniter\Database\BaseConnection->initialize()
#3 C:\xampp\htdocs\blog1\app\Controllers\UserController.php(36): CodeIgniter\Database\BaseConnection->query('select username...')
#4 C:\xampp\htdocs\blog1\system\CodeIgniter.php(919): App\Controllers\UserController->usuarios2()
#5 C:\xampp\htdocs\blog1\system\CodeIgniter.php(494): CodeIgniter\CodeIgniter->runController(Object(App\Controllers\UserController))
#6 C:\xampp\htdocs\blog1\system\CodeIgniter.php(353): CodeIgniter\CodeIgniter->handleRequest(NULL, Object(Config\Cache), false)
#7 C:\xampp\htdocs\blog1\public\index.php(79): CodeIgniter\CodeIgniter->run()
#8 C:\xampp\htdocs\blog1\system\Commands\Server\rewrite.php(47): require_once('C:\\xampp\\htdocs...')
#9 {main}

Next CodeIgniter\Database\Exceptions\DatabaseException: Access denied for user '****'@'localhost' (using password: YES) in C:\xampp\htdocs\blog1\system\Database\MySQLi\Connection.php:229
Stack trace:
#0 C:\xampp\htdocs\blog1\system\Database\BaseConnection.php(391): CodeIgniter\Database\MySQLi\Connection->connect(false)
#1 C:\xampp\htdocs\blog1\system\Database\BaseConnection.php(574): CodeIgniter\Database\BaseConnection->initialize()
#2 C:\xampp\htdocs\blog1\app\Controllers\UserController.php(36): CodeIgniter\Database\BaseConnection->query('select username...')
#3 C:\xampp\htdocs\blog1\system\CodeIgniter.php(919): App\Controllers\UserController->usuarios2()
#4 C:\xampp\htdocs\blog1\system\CodeIgniter.php(494): CodeIgniter\CodeIgniter->runController(Object(App\Controllers\UserController))
#5 C:\xampp\htdocs\blog1\system\CodeIgniter.php(353): CodeIgniter\CodeIgniter->handleRequest(NULL, Object(Config\Cache), false)
#6 C:\xampp\htdocs\blog1\public\index.php(79): CodeIgniter\CodeIgniter->run()
#7 C:\xampp\htdocs\blog1\system\Commands\Server\rewrite.php(47): require_once('C:\\xampp\\htdocs...')
#8 {main}
CRITICAL - 2023-09-27 15:49:22 --> Unable to connect to the database.
Main connection [MySQLi]: Access denied for user '****'@'localhost' (using password: YES)
in SYSTEMPATH\Database\BaseConnection.php on line 427.
 1 SYSTEMPATH\Database\BaseConnection.php(574): CodeIgniter\Database\BaseConnection->initialize()
 2 APPPATH\Controllers\UserController.php(36): CodeIgniter\Database\BaseConnection->query('select username, password, status from users')
 3 SYSTEMPATH\CodeIgniter.php(919): App\Controllers\UserController->usuarios2()
 4 SYSTEMPATH\CodeIgniter.php(494): CodeIgniter\CodeIgniter->runController(Object(App\Controllers\UserController))
 5 SYSTEMPATH\CodeIgniter.php(353): CodeIgniter\CodeIgniter->handleRequest(null, Object(Config\Cache), false)
 6 FCPATH\index.php(79): CodeIgniter\CodeIgniter->run()
 7 SYSTEMPATH\Commands\Server\rewrite.php(47): require_once('C:\\xampp\\htdocs\\blog1\\public\\index.php')
ERROR - 2023-09-27 15:49:23 --> Error connecting to the database: mysqli_sql_exception: Access denied for user 'root'@'localhost' (using password: YES) in C:\xampp\htdocs\blog1\system\Database\MySQLi\Connection.php:185
Stack trace:
#0 C:\xampp\htdocs\blog1\system\Database\MySQLi\Connection.php(185): mysqli->real_connect('localhost', 'root', 'elizamartlo12', 'blog', 3307, '', 0)
#1 C:\xampp\htdocs\blog1\system\Database\BaseConnection.php(391): CodeIgniter\Database\MySQLi\Connection->connect(false)
#2 C:\xampp\htdocs\blog1\system\Database\BaseConnection.php(574): CodeIgniter\Database\BaseConnection->initialize()
#3 C:\xampp\htdocs\blog1\app\Controllers\UserController.php(36): CodeIgniter\Database\BaseConnection->query('select username...')
#4 C:\xampp\htdocs\blog1\system\CodeIgniter.php(919): App\Controllers\UserController->usuarios2()
#5 C:\xampp\htdocs\blog1\system\CodeIgniter.php(494): CodeIgniter\CodeIgniter->runController(Object(App\Controllers\UserController))
#6 C:\xampp\htdocs\blog1\system\CodeIgniter.php(353): CodeIgniter\CodeIgniter->handleRequest(NULL, Object(Config\Cache), false)
#7 C:\xampp\htdocs\blog1\public\index.php(79): CodeIgniter\CodeIgniter->run()
#8 C:\xampp\htdocs\blog1\system\Commands\Server\rewrite.php(47): require_once('C:\\xampp\\htdocs...')
#9 {main}

Next CodeIgniter\Database\Exceptions\DatabaseException: Access denied for user '****'@'localhost' (using password: YES) in C:\xampp\htdocs\blog1\system\Database\MySQLi\Connection.php:229
Stack trace:
#0 C:\xampp\htdocs\blog1\system\Database\BaseConnection.php(391): CodeIgniter\Database\MySQLi\Connection->connect(false)
#1 C:\xampp\htdocs\blog1\system\Database\BaseConnection.php(574): CodeIgniter\Database\BaseConnection->initialize()
#2 C:\xampp\htdocs\blog1\app\Controllers\UserController.php(36): CodeIgniter\Database\BaseConnection->query('select username...')
#3 C:\xampp\htdocs\blog1\system\CodeIgniter.php(919): App\Controllers\UserController->usuarios2()
#4 C:\xampp\htdocs\blog1\system\CodeIgniter.php(494): CodeIgniter\CodeIgniter->runController(Object(App\Controllers\UserController))
#5 C:\xampp\htdocs\blog1\system\CodeIgniter.php(353): CodeIgniter\CodeIgniter->handleRequest(NULL, Object(Config\Cache), false)
#6 C:\xampp\htdocs\blog1\public\index.php(79): CodeIgniter\CodeIgniter->run()
#7 C:\xampp\htdocs\blog1\system\Commands\Server\rewrite.php(47): require_once('C:\\xampp\\htdocs...')
#8 {main}
CRITICAL - 2023-09-27 15:49:23 --> Unable to connect to the database.
Main connection [MySQLi]: Access denied for user '****'@'localhost' (using password: YES)
in SYSTEMPATH\Database\BaseConnection.php on line 427.
 1 SYSTEMPATH\Database\BaseConnection.php(574): CodeIgniter\Database\BaseConnection->initialize()
 2 APPPATH\Controllers\UserController.php(36): CodeIgniter\Database\BaseConnection->query('select username, password, status from users')
 3 SYSTEMPATH\CodeIgniter.php(919): App\Controllers\UserController->usuarios2()
 4 SYSTEMPATH\CodeIgniter.php(494): CodeIgniter\CodeIgniter->runController(Object(App\Controllers\UserController))
 5 SYSTEMPATH\CodeIgniter.php(353): CodeIgniter\CodeIgniter->handleRequest(null, Object(Config\Cache), false)
 6 FCPATH\index.php(79): CodeIgniter\CodeIgniter->run()
 7 SYSTEMPATH\Commands\Server\rewrite.php(47): require_once('C:\\xampp\\htdocs\\blog1\\public\\index.php')
CRITICAL - 2023-09-27 15:49:36 --> Undefined variable $dd
in APPPATH\Controllers\UserController.php on line 41.
 1 APPPATH\Controllers\UserController.php(41): CodeIgniter\Debug\Exceptions->errorHandler(2, 'Undefined variable $dd', 'C:\\xampp\\htdocs\\blog1\\app\\Controllers\\UserController.php', 41)
 2 SYSTEMPATH\CodeIgniter.php(919): App\Controllers\UserController->usuarios2()
 3 SYSTEMPATH\CodeIgniter.php(494): CodeIgniter\CodeIgniter->runController(Object(App\Controllers\UserController))
 4 SYSTEMPATH\CodeIgniter.php(353): CodeIgniter\CodeIgniter->handleRequest(null, Object(Config\Cache), false)
 5 FCPATH\index.php(79): CodeIgniter\CodeIgniter->run()
 6 SYSTEMPATH\Commands\Server\rewrite.php(47): require_once('C:\\xampp\\htdocs\\blog1\\public\\index.php')
CRITICAL - 2023-09-27 15:49:36 --> Undefined variable $dd
in APPPATH\Controllers\UserController.php on line 41.
 1 APPPATH\Controllers\UserController.php(41): CodeIgniter\Debug\Exceptions->errorHandler(2, 'Undefined variable $dd', 'C:\\xampp\\htdocs\\blog1\\app\\Controllers\\UserController.php', 41)
 2 SYSTEMPATH\CodeIgniter.php(919): App\Controllers\UserController->usuarios2()
 3 SYSTEMPATH\CodeIgniter.php(494): CodeIgniter\CodeIgniter->runController(Object(App\Controllers\UserController))
 4 SYSTEMPATH\CodeIgniter.php(353): CodeIgniter\CodeIgniter->handleRequest(null, Object(Config\Cache), false)
 5 FCPATH\index.php(79): CodeIgniter\CodeIgniter->run()
 6 SYSTEMPATH\Commands\Server\rewrite.php(47): require_once('C:\\xampp\\htdocs\\blog1\\public\\index.php')
CRITICAL - 2023-09-27 15:56:12 --> syntax error, unexpected token "{", expecting "function" or "const"
in APPPATH\Controllers\UserController.php on line 56.
 1 SYSTEMPATH\Autoloader\Autoloader.php(285): CodeIgniter\Autoloader\Autoloader->includeFile('C:\\xampp\\htdocs\\blog1\\app\\Controllers\\UserController.php')
 2 SYSTEMPATH\Autoloader\Autoloader.php(263): CodeIgniter\Autoloader\Autoloader->loadInNamespace('App\\Controllers\\UserController')
 3 [internal function]: CodeIgniter\Autoloader\Autoloader->loadClass('App\\Controllers\\UserController')
 4 SYSTEMPATH\CodeIgniter.php(877): class_exists('\\App\\Controllers\\UserController', true)
 5 SYSTEMPATH\CodeIgniter.php(481): CodeIgniter\CodeIgniter->startController()
 6 SYSTEMPATH\CodeIgniter.php(353): CodeIgniter\CodeIgniter->handleRequest(null, Object(Config\Cache), false)
 7 FCPATH\index.php(79): CodeIgniter\CodeIgniter->run()
 8 SYSTEMPATH\Commands\Server\rewrite.php(47): require_once('C:\\xampp\\htdocs\\blog1\\public\\index.php')
CRITICAL - 2023-09-27 15:58:21 --> Undefined array key "lasname"
in APPPATH\Views\users\usuarios3.php on line 15.
 1 APPPATH\Views\users\usuarios3.php(15): CodeIgniter\Debug\Exceptions->errorHandler(2, 'Undefined array key "lasname"', 'C:\\xampp\\htdocs\\blog1\\app\\Views\\users\\usuarios3.php', 15)
 2 SYSTEMPATH\View\View.php(226): include('C:\\xampp\\htdocs\\blog1\\app\\Views\\users\\usuarios3.php')
 3 SYSTEMPATH\View\View.php(229): CodeIgniter\View\View->CodeIgniter\View\{closure}()
 4 SYSTEMPATH\Common.php(1188): CodeIgniter\View\View->render('users/usuarios3', [], true)
 5 APPPATH\Controllers\UserController.php(54): view('users/usuarios3', [...])
 6 SYSTEMPATH\CodeIgniter.php(919): App\Controllers\UserController->usuarios3()
 7 SYSTEMPATH\CodeIgniter.php(494): CodeIgniter\CodeIgniter->runController(Object(App\Controllers\UserController))
 8 SYSTEMPATH\CodeIgniter.php(353): CodeIgniter\CodeIgniter->handleRequest(null, Object(Config\Cache), false)
 9 FCPATH\index.php(79): CodeIgniter\CodeIgniter->run()
10 SYSTEMPATH\Commands\Server\rewrite.php(47): require_once('C:\\xampp\\htdocs\\blog1\\public\\index.php')
CRITICAL - 2023-09-27 15:59:41 --> Undefined array key "lasname"
in APPPATH\Views\users\usuarios3.php on line 15.
 1 APPPATH\Views\users\usuarios3.php(15): CodeIgniter\Debug\Exceptions->errorHandler(2, 'Undefined array key "lasname"', 'C:\\xampp\\htdocs\\blog1\\app\\Views\\users\\usuarios3.php', 15)
 2 SYSTEMPATH\View\View.php(226): include('C:\\xampp\\htdocs\\blog1\\app\\Views\\users\\usuarios3.php')
 3 SYSTEMPATH\View\View.php(229): CodeIgniter\View\View->CodeIgniter\View\{closure}()
 4 SYSTEMPATH\Common.php(1188): CodeIgniter\View\View->render('users/usuarios3', [], true)
 5 APPPATH\Controllers\UserController.php(54): view('users/usuarios3', [...])
 6 SYSTEMPATH\CodeIgniter.php(919): App\Controllers\UserController->usuarios3()
 7 SYSTEMPATH\CodeIgniter.php(494): CodeIgniter\CodeIgniter->runController(Object(App\Controllers\UserController))
 8 SYSTEMPATH\CodeIgniter.php(353): CodeIgniter\CodeIgniter->handleRequest(null, Object(Config\Cache), false)
 9 FCPATH\index.php(79): CodeIgniter\CodeIgniter->run()
10 SYSTEMPATH\Commands\Server\rewrite.php(47): require_once('C:\\xampp\\htdocs\\blog1\\public\\index.php')
