ERROR - 2023-10-07 19:36:18 --> mysqli_sql_exception: Unknown table 'p' in field list in C:\Users\eliza\OneDrive\Documentos\blog1\system\Database\MySQLi\Connection.php:306
Stack trace:
#0 C:\Users\eliza\OneDrive\Documentos\blog1\system\Database\MySQLi\Connection.php(306): mysqli->query('select p.catego...', 0)
#1 C:\Users\eliza\OneDrive\Documentos\blog1\system\Database\BaseConnection.php(692): CodeIgniter\Database\MySQLi\Connection->execute('select p.catego...')
#2 C:\Users\eliza\OneDrive\Documentos\blog1\system\Database\BaseConnection.php(606): CodeIgniter\Database\BaseConnection->simpleQuery('select p.catego...')
#3 C:\Users\eliza\OneDrive\Documentos\blog1\app\Controllers\PostController.php(83): CodeIgniter\Database\BaseConnection->query('select p.catego...')
#4 C:\Users\eliza\OneDrive\Documentos\blog1\system\CodeIgniter.php(919): App\Controllers\PostController->ejercicio08()
#5 C:\Users\eliza\OneDrive\Documentos\blog1\system\CodeIgniter.php(494): CodeIgniter\CodeIgniter->runController(Object(App\Controllers\PostController))
#6 C:\Users\eliza\OneDrive\Documentos\blog1\system\CodeIgniter.php(353): CodeIgniter\CodeIgniter->handleRequest(NULL, Object(Config\Cache), false)
#7 C:\Users\eliza\OneDrive\Documentos\blog1\public\index.php(79): CodeIgniter\CodeIgniter->run()
#8 C:\Users\eliza\OneDrive\Documentos\blog1\system\Commands\Server\rewrite.php(47): require_once('C:\\Users\\eliza\\...')
#9 {main}
CRITICAL - 2023-10-07 19:36:18 --> Unknown table 'p' in field list
in SYSTEMPATH\Database\BaseConnection.php on line 646.
 1 APPPATH\Controllers\PostController.php(83): CodeIgniter\Database\BaseConnection->query('select p.category, COUNT(*) * posts')
 2 SYSTEMPATH\CodeIgniter.php(919): App\Controllers\PostController->ejercicio08()
 3 SYSTEMPATH\CodeIgniter.php(494): CodeIgniter\CodeIgniter->runController(Object(App\Controllers\PostController))
 4 SYSTEMPATH\CodeIgniter.php(353): CodeIgniter\CodeIgniter->handleRequest(null, Object(Config\Cache), false)
 5 FCPATH\index.php(79): CodeIgniter\CodeIgniter->run()
 6 SYSTEMPATH\Commands\Server\rewrite.php(47): require_once('C:\\Users\\eliza\\OneDrive\\Documentos\\blog1\\public\\index.php')
ERROR - 2023-10-07 19:39:23 --> mysqli_sql_exception: You have an error in your SQL syntax; check the manual that corresponds to your MariaDB server version for the right syntax to use near 'from posts' at line 1 in C:\Users\eliza\OneDrive\Documentos\blog1\system\Database\MySQLi\Connection.php:306
Stack trace:
#0 C:\Users\eliza\OneDrive\Documentos\blog1\system\Database\MySQLi\Connection.php(306): mysqli->query('select p.catego...', 0)
#1 C:\Users\eliza\OneDrive\Documentos\blog1\system\Database\BaseConnection.php(692): CodeIgniter\Database\MySQLi\Connection->execute('select p.catego...')
#2 C:\Users\eliza\OneDrive\Documentos\blog1\system\Database\BaseConnection.php(606): CodeIgniter\Database\BaseConnection->simpleQuery('select p.catego...')
#3 C:\Users\eliza\OneDrive\Documentos\blog1\app\Controllers\PostController.php(83): CodeIgniter\Database\BaseConnection->query('select p.catego...')
#4 C:\Users\eliza\OneDrive\Documentos\blog1\system\CodeIgniter.php(919): App\Controllers\PostController->ejercicio08()
#5 C:\Users\eliza\OneDrive\Documentos\blog1\system\CodeIgniter.php(494): CodeIgniter\CodeIgniter->runController(Object(App\Controllers\PostController))
#6 C:\Users\eliza\OneDrive\Documentos\blog1\system\CodeIgniter.php(353): CodeIgniter\CodeIgniter->handleRequest(NULL, Object(Config\Cache), false)
#7 C:\Users\eliza\OneDrive\Documentos\blog1\public\index.php(79): CodeIgniter\CodeIgniter->run()
#8 C:\Users\eliza\OneDrive\Documentos\blog1\system\Commands\Server\rewrite.php(47): require_once('C:\\Users\\eliza\\...')
#9 {main}
CRITICAL - 2023-10-07 19:39:23 --> You have an error in your SQL syntax; check the manual that corresponds to your MariaDB server version for the right syntax to use near 'from posts' at line 1
in SYSTEMPATH\Database\BaseConnection.php on line 646.
 1 APPPATH\Controllers\PostController.php(83): CodeIgniter\Database\BaseConnection->query('select p.category, COUNT(*) *  from posts')
 2 SYSTEMPATH\CodeIgniter.php(919): App\Controllers\PostController->ejercicio08()
 3 SYSTEMPATH\CodeIgniter.php(494): CodeIgniter\CodeIgniter->runController(Object(App\Controllers\PostController))
 4 SYSTEMPATH\CodeIgniter.php(353): CodeIgniter\CodeIgniter->handleRequest(null, Object(Config\Cache), false)
 5 FCPATH\index.php(79): CodeIgniter\CodeIgniter->run()
 6 SYSTEMPATH\Commands\Server\rewrite.php(47): require_once('C:\\Users\\eliza\\OneDrive\\Documentos\\blog1\\public\\index.php')
ERROR - 2023-10-07 19:39:24 --> mysqli_sql_exception: You have an error in your SQL syntax; check the manual that corresponds to your MariaDB server version for the right syntax to use near 'from posts' at line 1 in C:\Users\eliza\OneDrive\Documentos\blog1\system\Database\MySQLi\Connection.php:306
Stack trace:
#0 C:\Users\eliza\OneDrive\Documentos\blog1\system\Database\MySQLi\Connection.php(306): mysqli->query('select p.catego...', 0)
#1 C:\Users\eliza\OneDrive\Documentos\blog1\system\Database\BaseConnection.php(692): CodeIgniter\Database\MySQLi\Connection->execute('select p.catego...')
#2 C:\Users\eliza\OneDrive\Documentos\blog1\system\Database\BaseConnection.php(606): CodeIgniter\Database\BaseConnection->simpleQuery('select p.catego...')
#3 C:\Users\eliza\OneDrive\Documentos\blog1\app\Controllers\PostController.php(83): CodeIgniter\Database\BaseConnection->query('select p.catego...')
#4 C:\Users\eliza\OneDrive\Documentos\blog1\system\CodeIgniter.php(919): App\Controllers\PostController->ejercicio08()
#5 C:\Users\eliza\OneDrive\Documentos\blog1\system\CodeIgniter.php(494): CodeIgniter\CodeIgniter->runController(Object(App\Controllers\PostController))
#6 C:\Users\eliza\OneDrive\Documentos\blog1\system\CodeIgniter.php(353): CodeIgniter\CodeIgniter->handleRequest(NULL, Object(Config\Cache), false)
#7 C:\Users\eliza\OneDrive\Documentos\blog1\public\index.php(79): CodeIgniter\CodeIgniter->run()
#8 C:\Users\eliza\OneDrive\Documentos\blog1\system\Commands\Server\rewrite.php(47): require_once('C:\\Users\\eliza\\...')
#9 {main}
CRITICAL - 2023-10-07 19:39:24 --> You have an error in your SQL syntax; check the manual that corresponds to your MariaDB server version for the right syntax to use near 'from posts' at line 1
in SYSTEMPATH\Database\BaseConnection.php on line 646.
 1 APPPATH\Controllers\PostController.php(83): CodeIgniter\Database\BaseConnection->query('select p.category, COUNT(*) *  from posts')
 2 SYSTEMPATH\CodeIgniter.php(919): App\Controllers\PostController->ejercicio08()
 3 SYSTEMPATH\CodeIgniter.php(494): CodeIgniter\CodeIgniter->runController(Object(App\Controllers\PostController))
 4 SYSTEMPATH\CodeIgniter.php(353): CodeIgniter\CodeIgniter->handleRequest(null, Object(Config\Cache), false)
 5 FCPATH\index.php(79): CodeIgniter\CodeIgniter->run()
 6 SYSTEMPATH\Commands\Server\rewrite.php(47): require_once('C:\\Users\\eliza\\OneDrive\\Documentos\\blog1\\public\\index.php')
ERROR - 2023-10-07 19:40:27 --> mysqli_sql_exception: You have an error in your SQL syntax; check the manual that corresponds to your MariaDB server version for the right syntax to use near '.*  from posts' at line 1 in C:\Users\eliza\OneDrive\Documentos\blog1\system\Database\MySQLi\Connection.php:306
Stack trace:
#0 C:\Users\eliza\OneDrive\Documentos\blog1\system\Database\MySQLi\Connection.php(306): mysqli->query('select p.catego...', 0)
#1 C:\Users\eliza\OneDrive\Documentos\blog1\system\Database\BaseConnection.php(692): CodeIgniter\Database\MySQLi\Connection->execute('select p.catego...')
#2 C:\Users\eliza\OneDrive\Documentos\blog1\system\Database\BaseConnection.php(606): CodeIgniter\Database\BaseConnection->simpleQuery('select p.catego...')
#3 C:\Users\eliza\OneDrive\Documentos\blog1\app\Controllers\PostController.php(83): CodeIgniter\Database\BaseConnection->query('select p.catego...')
#4 C:\Users\eliza\OneDrive\Documentos\blog1\system\CodeIgniter.php(919): App\Controllers\PostController->ejercicio08()
#5 C:\Users\eliza\OneDrive\Documentos\blog1\system\CodeIgniter.php(494): CodeIgniter\CodeIgniter->runController(Object(App\Controllers\PostController))
#6 C:\Users\eliza\OneDrive\Documentos\blog1\system\CodeIgniter.php(353): CodeIgniter\CodeIgniter->handleRequest(NULL, Object(Config\Cache), false)
#7 C:\Users\eliza\OneDrive\Documentos\blog1\public\index.php(79): CodeIgniter\CodeIgniter->run()
#8 C:\Users\eliza\OneDrive\Documentos\blog1\system\Commands\Server\rewrite.php(47): require_once('C:\\Users\\eliza\\...')
#9 {main}
CRITICAL - 2023-10-07 19:40:27 --> You have an error in your SQL syntax; check the manual that corresponds to your MariaDB server version for the right syntax to use near '.*  from posts' at line 1
in SYSTEMPATH\Database\BaseConnection.php on line 646.
 1 APPPATH\Controllers\PostController.php(83): CodeIgniter\Database\BaseConnection->query('select p.category, COUNT(*) as p.*  from posts')
 2 SYSTEMPATH\CodeIgniter.php(919): App\Controllers\PostController->ejercicio08()
 3 SYSTEMPATH\CodeIgniter.php(494): CodeIgniter\CodeIgniter->runController(Object(App\Controllers\PostController))
 4 SYSTEMPATH\CodeIgniter.php(353): CodeIgniter\CodeIgniter->handleRequest(null, Object(Config\Cache), false)
 5 FCPATH\index.php(79): CodeIgniter\CodeIgniter->run()
 6 SYSTEMPATH\Commands\Server\rewrite.php(47): require_once('C:\\Users\\eliza\\OneDrive\\Documentos\\blog1\\public\\index.php')
ERROR - 2023-10-07 19:44:29 --> mysqli_sql_exception: You have an error in your SQL syntax; check the manual that corresponds to your MariaDB server version for the right syntax to use near 'from posts' at line 1 in C:\Users\eliza\OneDrive\Documentos\blog1\system\Database\MySQLi\Connection.php:306
Stack trace:
#0 C:\Users\eliza\OneDrive\Documentos\blog1\system\Database\MySQLi\Connection.php(306): mysqli->query('select p.catego...', 0)
#1 C:\Users\eliza\OneDrive\Documentos\blog1\system\Database\BaseConnection.php(692): CodeIgniter\Database\MySQLi\Connection->execute('select p.catego...')
#2 C:\Users\eliza\OneDrive\Documentos\blog1\system\Database\BaseConnection.php(606): CodeIgniter\Database\BaseConnection->simpleQuery('select p.catego...')
#3 C:\Users\eliza\OneDrive\Documentos\blog1\app\Controllers\PostController.php(83): CodeIgniter\Database\BaseConnection->query('select p.catego...')
#4 C:\Users\eliza\OneDrive\Documentos\blog1\system\CodeIgniter.php(919): App\Controllers\PostController->ejercicio08()
#5 C:\Users\eliza\OneDrive\Documentos\blog1\system\CodeIgniter.php(494): CodeIgniter\CodeIgniter->runController(Object(App\Controllers\PostController))
#6 C:\Users\eliza\OneDrive\Documentos\blog1\system\CodeIgniter.php(353): CodeIgniter\CodeIgniter->handleRequest(NULL, Object(Config\Cache), false)
#7 C:\Users\eliza\OneDrive\Documentos\blog1\public\index.php(79): CodeIgniter\CodeIgniter->run()
#8 C:\Users\eliza\OneDrive\Documentos\blog1\system\Commands\Server\rewrite.php(47): require_once('C:\\Users\\eliza\\...')
#9 {main}
CRITICAL - 2023-10-07 19:44:29 --> You have an error in your SQL syntax; check the manual that corresponds to your MariaDB server version for the right syntax to use near 'from posts' at line 1
in SYSTEMPATH\Database\BaseConnection.php on line 646.
 1 APPPATH\Controllers\PostController.php(83): CodeIgniter\Database\BaseConnection->query('select p.category, COUNT(*) * from posts')
 2 SYSTEMPATH\CodeIgniter.php(919): App\Controllers\PostController->ejercicio08()
 3 SYSTEMPATH\CodeIgniter.php(494): CodeIgniter\CodeIgniter->runController(Object(App\Controllers\PostController))
 4 SYSTEMPATH\CodeIgniter.php(353): CodeIgniter\CodeIgniter->handleRequest(null, Object(Config\Cache), false)
 5 FCPATH\index.php(79): CodeIgniter\CodeIgniter->run()
 6 SYSTEMPATH\Commands\Server\rewrite.php(47): require_once('C:\\Users\\eliza\\OneDrive\\Documentos\\blog1\\public\\index.php')
CRITICAL - 2023-10-07 20:51:33 --> Undefined variable $posts
in APPPATH\Views\posts\ejercicio08.php on line 10.
 1 APPPATH\Views\posts\ejercicio08.php(10): CodeIgniter\Debug\Exceptions->errorHandler(2, 'Undefined variable $posts', 'C:\\Users\\eliza\\OneDrive\\Documentos\\blog1\\app\\Views\\posts\\ejercicio08.php', 10)
 2 SYSTEMPATH\View\View.php(226): include('C:\\Users\\eliza\\OneDrive\\Documentos\\blog1\\app\\Views\\posts\\ejercicio08.php')
 3 SYSTEMPATH\View\View.php(229): CodeIgniter\View\View->CodeIgniter\View\{closure}()
 4 SYSTEMPATH\Common.php(1188): CodeIgniter\View\View->render('posts/ejercicio08', [], true)
 5 APPPATH\Controllers\PostController.php(91): view('posts/ejercicio08', [...])
 6 SYSTEMPATH\CodeIgniter.php(919): App\Controllers\PostController->ejercicio08()
 7 SYSTEMPATH\CodeIgniter.php(494): CodeIgniter\CodeIgniter->runController(Object(App\Controllers\PostController))
 8 SYSTEMPATH\CodeIgniter.php(353): CodeIgniter\CodeIgniter->handleRequest(null, Object(Config\Cache), false)
 9 FCPATH\index.php(79): CodeIgniter\CodeIgniter->run()
10 SYSTEMPATH\Commands\Server\rewrite.php(47): require_once('C:\\Users\\eliza\\OneDrive\\Documentos\\blog1\\public\\index.php')
CRITICAL - 2023-10-07 20:52:05 --> Undefined variable $posts
in APPPATH\Views\posts\ejercicio08.php on line 10.
 1 APPPATH\Views\posts\ejercicio08.php(10): CodeIgniter\Debug\Exceptions->errorHandler(2, 'Undefined variable $posts', 'C:\\Users\\eliza\\OneDrive\\Documentos\\blog1\\app\\Views\\posts\\ejercicio08.php', 10)
 2 SYSTEMPATH\View\View.php(226): include('C:\\Users\\eliza\\OneDrive\\Documentos\\blog1\\app\\Views\\posts\\ejercicio08.php')
 3 SYSTEMPATH\View\View.php(229): CodeIgniter\View\View->CodeIgniter\View\{closure}()
 4 SYSTEMPATH\Common.php(1188): CodeIgniter\View\View->render('posts/ejercicio08', [], true)
 5 APPPATH\Controllers\PostController.php(91): view('posts/ejercicio08', [...])
 6 SYSTEMPATH\CodeIgniter.php(919): App\Controllers\PostController->ejercicio08()
 7 SYSTEMPATH\CodeIgniter.php(494): CodeIgniter\CodeIgniter->runController(Object(App\Controllers\PostController))
 8 SYSTEMPATH\CodeIgniter.php(353): CodeIgniter\CodeIgniter->handleRequest(null, Object(Config\Cache), false)
 9 FCPATH\index.php(79): CodeIgniter\CodeIgniter->run()
10 SYSTEMPATH\Commands\Server\rewrite.php(47): require_once('C:\\Users\\eliza\\OneDrive\\Documentos\\blog1\\public\\index.php')
CRITICAL - 2023-10-07 20:52:26 --> Undefined variable $posts
in APPPATH\Views\posts\ejercicio08.php on line 10.
 1 APPPATH\Views\posts\ejercicio08.php(10): CodeIgniter\Debug\Exceptions->errorHandler(2, 'Undefined variable $posts', 'C:\\Users\\eliza\\OneDrive\\Documentos\\blog1\\app\\Views\\posts\\ejercicio08.php', 10)
 2 SYSTEMPATH\View\View.php(226): include('C:\\Users\\eliza\\OneDrive\\Documentos\\blog1\\app\\Views\\posts\\ejercicio08.php')
 3 SYSTEMPATH\View\View.php(229): CodeIgniter\View\View->CodeIgniter\View\{closure}()
 4 SYSTEMPATH\Common.php(1188): CodeIgniter\View\View->render('posts/ejercicio08', [], true)
 5 APPPATH\Controllers\PostController.php(91): view('posts/ejercicio08', [...])
 6 SYSTEMPATH\CodeIgniter.php(919): App\Controllers\PostController->ejercicio08()
 7 SYSTEMPATH\CodeIgniter.php(494): CodeIgniter\CodeIgniter->runController(Object(App\Controllers\PostController))
 8 SYSTEMPATH\CodeIgniter.php(353): CodeIgniter\CodeIgniter->handleRequest(null, Object(Config\Cache), false)
 9 FCPATH\index.php(79): CodeIgniter\CodeIgniter->run()
10 SYSTEMPATH\Commands\Server\rewrite.php(47): require_once('C:\\Users\\eliza\\OneDrive\\Documentos\\blog1\\public\\index.php')
CRITICAL - 2023-10-07 20:53:46 --> Undefined array key "POST ID"
in APPPATH\Views\posts\ejercicio08.php on line 12.
 1 APPPATH\Views\posts\ejercicio08.php(12): CodeIgniter\Debug\Exceptions->errorHandler(2, 'Undefined array key "POST ID"', 'C:\\Users\\eliza\\OneDrive\\Documentos\\blog1\\app\\Views\\posts\\ejercicio08.php', 12)
 2 SYSTEMPATH\View\View.php(226): include('C:\\Users\\eliza\\OneDrive\\Documentos\\blog1\\app\\Views\\posts\\ejercicio08.php')
 3 SYSTEMPATH\View\View.php(229): CodeIgniter\View\View->CodeIgniter\View\{closure}()
 4 SYSTEMPATH\Common.php(1188): CodeIgniter\View\View->render('posts/ejercicio08', [], true)
 5 APPPATH\Controllers\PostController.php(91): view('posts/ejercicio08', [...])
 6 SYSTEMPATH\CodeIgniter.php(919): App\Controllers\PostController->ejercicio08()
 7 SYSTEMPATH\CodeIgniter.php(494): CodeIgniter\CodeIgniter->runController(Object(App\Controllers\PostController))
 8 SYSTEMPATH\CodeIgniter.php(353): CodeIgniter\CodeIgniter->handleRequest(null, Object(Config\Cache), false)
 9 FCPATH\index.php(79): CodeIgniter\CodeIgniter->run()
10 SYSTEMPATH\Commands\Server\rewrite.php(47): require_once('C:\\Users\\eliza\\OneDrive\\Documentos\\blog1\\public\\index.php')
CRITICAL - 2023-10-07 20:54:22 --> Undefined array key "CATEGORIA"
in APPPATH\Views\posts\ejercicio08.php on line 12.
 1 APPPATH\Views\posts\ejercicio08.php(12): CodeIgniter\Debug\Exceptions->errorHandler(2, 'Undefined array key "CATEGORIA"', 'C:\\Users\\eliza\\OneDrive\\Documentos\\blog1\\app\\Views\\posts\\ejercicio08.php', 12)
 2 SYSTEMPATH\View\View.php(226): include('C:\\Users\\eliza\\OneDrive\\Documentos\\blog1\\app\\Views\\posts\\ejercicio08.php')
 3 SYSTEMPATH\View\View.php(229): CodeIgniter\View\View->CodeIgniter\View\{closure}()
 4 SYSTEMPATH\Common.php(1188): CodeIgniter\View\View->render('posts/ejercicio08', [], true)
 5 APPPATH\Controllers\PostController.php(91): view('posts/ejercicio08', [...])
 6 SYSTEMPATH\CodeIgniter.php(919): App\Controllers\PostController->ejercicio08()
 7 SYSTEMPATH\CodeIgniter.php(494): CodeIgniter\CodeIgniter->runController(Object(App\Controllers\PostController))
 8 SYSTEMPATH\CodeIgniter.php(353): CodeIgniter\CodeIgniter->handleRequest(null, Object(Config\Cache), false)
 9 FCPATH\index.php(79): CodeIgniter\CodeIgniter->run()
10 SYSTEMPATH\Commands\Server\rewrite.php(47): require_once('C:\\Users\\eliza\\OneDrive\\Documentos\\blog1\\public\\index.php')
CRITICAL - 2023-10-07 20:55:21 --> Undefined array key "Autor"
in APPPATH\Views\posts\ejercicio08.php on line 13.
 1 APPPATH\Views\posts\ejercicio08.php(13): CodeIgniter\Debug\Exceptions->errorHandler(2, 'Undefined array key "Autor"', 'C:\\Users\\eliza\\OneDrive\\Documentos\\blog1\\app\\Views\\posts\\ejercicio08.php', 13)
 2 SYSTEMPATH\View\View.php(226): include('C:\\Users\\eliza\\OneDrive\\Documentos\\blog1\\app\\Views\\posts\\ejercicio08.php')
 3 SYSTEMPATH\View\View.php(229): CodeIgniter\View\View->CodeIgniter\View\{closure}()
 4 SYSTEMPATH\Common.php(1188): CodeIgniter\View\View->render('posts/ejercicio08', [], true)
 5 APPPATH\Controllers\PostController.php(91): view('posts/ejercicio08', [...])
 6 SYSTEMPATH\CodeIgniter.php(919): App\Controllers\PostController->ejercicio08()
 7 SYSTEMPATH\CodeIgniter.php(494): CodeIgniter\CodeIgniter->runController(Object(App\Controllers\PostController))
 8 SYSTEMPATH\CodeIgniter.php(353): CodeIgniter\CodeIgniter->handleRequest(null, Object(Config\Cache), false)
 9 FCPATH\index.php(79): CodeIgniter\CodeIgniter->run()
10 SYSTEMPATH\Commands\Server\rewrite.php(47): require_once('C:\\Users\\eliza\\OneDrive\\Documentos\\blog1\\public\\index.php')
CRITICAL - 2023-10-07 20:56:04 --> Undefined array key "CantidadPost"
in APPPATH\Views\posts\ejercicio08.php on line 13.
 1 APPPATH\Views\posts\ejercicio08.php(13): CodeIgniter\Debug\Exceptions->errorHandler(2, 'Undefined array key "CantidadPost"', 'C:\\Users\\eliza\\OneDrive\\Documentos\\blog1\\app\\Views\\posts\\ejercicio08.php', 13)
 2 SYSTEMPATH\View\View.php(226): include('C:\\Users\\eliza\\OneDrive\\Documentos\\blog1\\app\\Views\\posts\\ejercicio08.php')
 3 SYSTEMPATH\View\View.php(229): CodeIgniter\View\View->CodeIgniter\View\{closure}()
 4 SYSTEMPATH\Common.php(1188): CodeIgniter\View\View->render('posts/ejercicio08', [], true)
 5 APPPATH\Controllers\PostController.php(91): view('posts/ejercicio08', [...])
 6 SYSTEMPATH\CodeIgniter.php(919): App\Controllers\PostController->ejercicio08()
 7 SYSTEMPATH\CodeIgniter.php(494): CodeIgniter\CodeIgniter->runController(Object(App\Controllers\PostController))
 8 SYSTEMPATH\CodeIgniter.php(353): CodeIgniter\CodeIgniter->handleRequest(null, Object(Config\Cache), false)
 9 FCPATH\index.php(79): CodeIgniter\CodeIgniter->run()
10 SYSTEMPATH\Commands\Server\rewrite.php(47): require_once('C:\\Users\\eliza\\OneDrive\\Documentos\\blog1\\public\\index.php')
CRITICAL - 2023-10-07 23:10:30 --> Undefined variable $d
in APPPATH\Views\posts\ejercicio08.php on line 31.
 1 APPPATH\Views\posts\ejercicio08.php(31): CodeIgniter\Debug\Exceptions->errorHandler(2, 'Undefined variable $d', 'C:\\Users\\eliza\\OneDrive\\Documentos\\blog1\\app\\Views\\posts\\ejercicio08.php', 31)
 2 SYSTEMPATH\View\View.php(226): include('C:\\Users\\eliza\\OneDrive\\Documentos\\blog1\\app\\Views\\posts\\ejercicio08.php')
 3 SYSTEMPATH\View\View.php(229): CodeIgniter\View\View->CodeIgniter\View\{closure}()
 4 SYSTEMPATH\Common.php(1188): CodeIgniter\View\View->render('posts/ejercicio08', [], true)
 5 APPPATH\Controllers\PostController.php(91): view('posts/ejercicio08', [...])
 6 SYSTEMPATH\CodeIgniter.php(919): App\Controllers\PostController->ejercicio08()
 7 SYSTEMPATH\CodeIgniter.php(494): CodeIgniter\CodeIgniter->runController(Object(App\Controllers\PostController))
 8 SYSTEMPATH\CodeIgniter.php(353): CodeIgniter\CodeIgniter->handleRequest(null, Object(Config\Cache), false)
 9 FCPATH\index.php(79): CodeIgniter\CodeIgniter->run()
10 SYSTEMPATH\Commands\Server\rewrite.php(47): require_once('C:\\Users\\eliza\\OneDrive\\Documentos\\blog1\\public\\index.php')
